0001/01/01 00:00:00.000  [M] [log.go:205]  [HTTP] http: superfluous response.WriteHeader call from github.com/beego/beego/v2/server/web/context.(*Response).WriteHeader (context.go:230)
2022/12/04 10:41:25.807  [D] [models.go:44]  root:Aa123456!@#@tcp(127.0.0.1:3306)/ipcc?charset=utf8&loc=Local
2022/12/04 10:41:25.907  [W] [admin.go:91]  now we don't start tasks here, if you use task module, please invoke task.StartTask, or task will not be executed
2022/12/04 10:41:25.907  [I] [admin.go:100]  Admin server Running on :8089
2022/12/04 10:41:25.908  [I] [parser.go:85]  /Users/Peter/work/code/src/votesystem/controllers no changed
2022/12/04 10:41:25.908  [I] [server.go:241]  http server Running on http://:8080
2022/12/04 10:41:25.908  [I] [server.go:241]  http server Running on http://:8089
2022/12/04 10:41:49.743  [D] [models.go:44]  root:Aa123456!@#@tcp(127.0.0.1:3306)/ipcc?charset=utf8&loc=Local
2022/12/04 10:41:49.811  [W] [admin.go:91]  now we don't start tasks here, if you use task module, please invoke task.StartTask, or task will not be executed
2022/12/04 10:41:49.811  [I] [admin.go:100]  Admin server Running on :8089
2022/12/04 10:41:49.811  [I] [parser.go:85]  /Users/Peter/work/code/src/votesystem/controllers no changed
2022/12/04 10:41:49.811  [I] [server.go:241]  http server Running on http://:8080
2022/12/04 10:41:49.811  [I] [server.go:241]  http server Running on http://:8089
2022/12/04 10:41:54.215  [D] [vote.go:278]  new vote:[123 10 32 32 32 32 34 117 115 101 114 110 97 109 101 34 58 32 34 66 101 74 115 111 110 34 44 10 32 32 32 32 34 101 109 97 105 108 34 58 32 34 116 101 115 116 64 113 113 46 99 111 109 34 44 10 32 32 32 32 34 73 100 101 110 116 105 116 121 78 111 34 58 32 34 65 49 50 51 52 53 54 40 55 41 34 44 10 32 32 32 32 34 67 97 110 100 105 100 97 116 101 73 100 34 58 32 49 10 125]
2022/12/04 10:41:54.232  [E] [vote.go:250]  brackets not match:7)
2022/12/04 10:41:54.232  [D] [vote.go:345]  identity is invalid [ A123456(7) ]
2022/12/04 10:41:54.232  [D] [router.go:955]  |      127.0.0.1|[97;42m 200 [0m|  17.829371ms|   match|[97;46m POST    [0m /v1/electioncampaign/1/vote   r:/v1/electioncampaign/:ecId/vote
2022/12/04 10:42:33.869  [D] [models.go:44]  root:Aa123456!@#@tcp(127.0.0.1:3306)/ipcc?charset=utf8&loc=Local
2022/12/04 10:42:33.929  [W] [admin.go:91]  now we don't start tasks here, if you use task module, please invoke task.StartTask, or task will not be executed
2022/12/04 10:42:33.929  [I] [admin.go:100]  Admin server Running on :8089
2022/12/04 10:42:34.245  [I] [parser.go:413]  generate router from comments
2022/12/04 10:42:34.245  [I] [server.go:241]  http server Running on http://:8080
2022/12/04 10:42:34.245  [I] [server.go:241]  http server Running on http://:8089
2022/12/04 10:43:50.120  [D] [models.go:44]  root:Aa123456!@#@tcp(127.0.0.1:3306)/ipcc?charset=utf8&loc=Local
2022/12/04 10:43:50.211  [W] [admin.go:91]  now we don't start tasks here, if you use task module, please invoke task.StartTask, or task will not be executed
2022/12/04 10:43:50.211  [I] [admin.go:100]  Admin server Running on :8089
2022/12/04 10:43:50.640  [I] [parser.go:413]  generate router from comments
2022/12/04 10:43:50.640  [I] [server.go:241]  http server Running on http://:8080
2022/12/04 10:43:50.640  [I] [server.go:241]  http server Running on http://:8089
2022/12/04 10:44:29.467  [D] [models.go:44]  root:Aa123456!@#@tcp(127.0.0.1:3306)/ipcc?charset=utf8&loc=Local
2022/12/04 10:44:29.541  [W] [admin.go:91]  now we don't start tasks here, if you use task module, please invoke task.StartTask, or task will not be executed
2022/12/04 10:44:29.541  [I] [admin.go:100]  Admin server Running on :8089
2022/12/04 10:44:29.851  [I] [parser.go:413]  generate router from comments
2022/12/04 10:44:29.852  [I] [server.go:241]  http server Running on http://:8080
2022/12/04 10:44:29.852  [I] [server.go:241]  http server Running on http://:8089
2022/12/04 10:44:34.330  [D] [vote.go:278]  new vote:{
    "username": "BeJson",
    "email": "test@qq.com",
    "IdentityNo": "A123456(7)",
    "CandidateId": 1
}
2022/12/04 10:44:34.345  [E] [vote.go:250]  brackets not match:7
2022/12/04 10:44:34.345  [D] [vote.go:345]  identity is invalid [ A123456(7) ]
2022/12/04 10:44:34.345  [D] [router.go:955]  |      127.0.0.1|[97;42m 200 [0m|  14.836162ms|   match|[97;46m POST    [0m /v1/electioncampaign/1/vote   r:/v1/electioncampaign/:ecId/vote
2022/12/04 10:45:04.284  [D] [models.go:44]  root:Aa123456!@#@tcp(127.0.0.1:3306)/ipcc?charset=utf8&loc=Local
2022/12/04 10:45:04.350  [W] [admin.go:91]  now we don't start tasks here, if you use task module, please invoke task.StartTask, or task will not be executed
2022/12/04 10:45:04.351  [I] [admin.go:100]  Admin server Running on :8089
2022/12/04 10:45:04.645  [I] [parser.go:413]  generate router from comments
2022/12/04 10:45:04.646  [I] [server.go:241]  http server Running on http://:8080
2022/12/04 10:45:04.646  [I] [server.go:241]  http server Running on http://:8089
2022/12/04 10:45:07.450  [D] [vote.go:278]  new vote:{
    "username": "BeJson",
    "email": "test@qq.com",
    "IdentityNo": "A123456(7)",
    "CandidateId": 1
}
2022/12/04 10:45:07.463  [E] [vote.go:255]  last number not match:7)
2022/12/04 10:45:07.463  [D] [vote.go:345]  identity is invalid [ A123456(7) ]
2022/12/04 10:45:07.463  [D] [router.go:955]  |      127.0.0.1|[97;42m 200 [0m|  13.926806ms|   match|[97;46m POST    [0m /v1/electioncampaign/1/vote   r:/v1/electioncampaign/:ecId/vote
2022/12/04 10:45:54.665  [D] [models.go:44]  root:Aa123456!@#@tcp(127.0.0.1:3306)/ipcc?charset=utf8&loc=Local
2022/12/04 10:45:54.730  [W] [admin.go:91]  now we don't start tasks here, if you use task module, please invoke task.StartTask, or task will not be executed
2022/12/04 10:45:54.730  [I] [admin.go:100]  Admin server Running on :8089
2022/12/04 10:45:55.018  [I] [parser.go:413]  generate router from comments
2022/12/04 10:45:55.019  [I] [server.go:241]  http server Running on http://:8080
2022/12/04 10:45:55.019  [I] [server.go:241]  http server Running on http://:8089
2022/12/04 10:45:58.331  [D] [vote.go:278]  new vote:{
    "username": "BeJson",
    "email": "test@qq.com",
    "IdentityNo": "A123456(7)",
    "CandidateId": 1
}
2022/12/04 10:45:58.342  [D] [vote.go:345]  identity is invalid [ A123456(7) ]
2022/12/04 10:45:58.342  [D] [router.go:955]  |      127.0.0.1|[97;42m 200 [0m|   11.93532ms|   match|[97;46m POST    [0m /v1/electioncampaign/1/vote   r:/v1/electioncampaign/:ecId/vote
2022/12/04 10:46:24.976  [D] [models.go:44]  root:Aa123456!@#@tcp(127.0.0.1:3306)/ipcc?charset=utf8&loc=Local
2022/12/04 10:46:25.051  [W] [admin.go:91]  now we don't start tasks here, if you use task module, please invoke task.StartTask, or task will not be executed
2022/12/04 10:46:25.051  [I] [admin.go:100]  Admin server Running on :8089
2022/12/04 10:46:25.369  [I] [parser.go:413]  generate router from comments
2022/12/04 10:46:25.370  [I] [server.go:241]  http server Running on http://:8080
2022/12/04 10:46:25.370  [I] [server.go:241]  http server Running on http://:8089
2022/12/04 10:46:26.306  [D] [models.go:44]  root:Aa123456!@#@tcp(127.0.0.1:3306)/ipcc?charset=utf8&loc=Local
2022/12/04 10:46:26.373  [W] [admin.go:91]  now we don't start tasks here, if you use task module, please invoke task.StartTask, or task will not be executed
2022/12/04 10:46:26.373  [I] [admin.go:100]  Admin server Running on :8089
2022/12/04 10:46:26.373  [I] [parser.go:85]  /Users/Peter/work/code/src/votesystem/controllers no changed
2022/12/04 10:46:26.373  [I] [server.go:241]  http server Running on http://:8080
2022/12/04 10:46:26.373  [I] [server.go:241]  http server Running on http://:8089
2022/12/04 10:46:29.214  [D] [vote.go:278]  new vote:{
    "username": "BeJson",
    "email": "test@qq.com",
    "IdentityNo": "A123456(7)",
    "CandidateId": 1
}
2022/12/04 10:46:29.227  [C] [config.go:190]  the request url is  /v1/electioncampaign/1/vote
2022/12/04 10:46:29.227  [C] [config.go:191]  Handler crashed with error operator `exact` need 1 args not 3
2022/12/04 10:46:29.227  [C] [config.go:197]  /usr/local/Cellar/go@1.18/1.18.7/libexec/src/runtime/panic.go:838
2022/12/04 10:46:29.227  [C] [config.go:197]  /Users/Peter/work/code/pkg/mod/github.com/beego/beego/v2@v2.0.1/client/orm/db.go:1231
2022/12/04 10:46:29.227  [C] [config.go:197]  /Users/Peter/work/code/pkg/mod/github.com/beego/beego/v2@v2.0.1/client/orm/db_tables.go:380
2022/12/04 10:46:29.227  [C] [config.go:197]  /Users/Peter/work/code/pkg/mod/github.com/beego/beego/v2@v2.0.1/client/orm/db.go:1024
2022/12/04 10:46:29.227  [C] [config.go:197]  /Users/Peter/work/code/pkg/mod/github.com/beego/beego/v2@v2.0.1/client/orm/orm_queryset.go:244
2022/12/04 10:46:29.227  [C] [config.go:197]  /Users/Peter/work/code/src/votesystem/models/user.go:38
2022/12/04 10:46:29.227  [C] [config.go:197]  /Users/Peter/work/code/src/votesystem/controllers/vote.go:359
2022/12/04 10:46:29.227  [C] [config.go:197]  /usr/local/Cellar/go@1.18/1.18.7/libexec/src/reflect/value.go:556
2022/12/04 10:46:29.228  [C] [config.go:197]  /usr/local/Cellar/go@1.18/1.18.7/libexec/src/reflect/value.go:339
2022/12/04 10:46:29.228  [C] [config.go:197]  /Users/Peter/work/code/pkg/mod/github.com/beego/beego/v2@v2.0.1/server/web/router.go:883
2022/12/04 10:46:29.228  [C] [config.go:197]  /Users/Peter/work/code/pkg/mod/github.com/beego/beego/v2@v2.0.1/server/web/filter.go:81
2022/12/04 10:46:29.229  [C] [config.go:197]  /Users/Peter/work/code/pkg/mod/github.com/beego/beego/v2@v2.0.1/server/web/router.go:664
2022/12/04 10:46:29.229  [C] [config.go:197]  /usr/local/Cellar/go@1.18/1.18.7/libexec/src/net/http/server.go:2916
2022/12/04 10:46:29.229  [C] [config.go:197]  /usr/local/Cellar/go@1.18/1.18.7/libexec/src/net/http/server.go:1966
2022/12/04 10:46:29.229  [C] [config.go:197]  /usr/local/Cellar/go@1.18/1.18.7/libexec/src/runtime/asm_amd64.s:1571
