0001/01/01 00:00:00.000  [M] [log.go:205]  [HTTP] http: superfluous response.WriteHeader call from github.com/beego/beego/v2/server/web/context.(*Response).WriteHeader (context.go:230)
2022/12/04 11:55:29.852  [D] [models.go:44]  root:Aa123456!@#@tcp(127.0.0.1:3306)/ipcc?charset=utf8&loc=Local
2022/12/04 11:55:29.939  [W] [admin.go:91]  now we don't start tasks here, if you use task module, please invoke task.StartTask, or task will not be executed
2022/12/04 11:55:29.939  [I] [admin.go:100]  Admin server Running on :8089
2022/12/04 11:55:29.939  [I] [parser.go:85]  /Users/Peter/work/code/src/votesystem/controllers no changed
2022/12/04 11:55:29.939  [I] [server.go:241]  http server Running on http://:8080
2022/12/04 11:55:29.940  [I] [server.go:241]  http server Running on http://:8089
2022/12/04 11:57:53.423  [D] [models.go:44]  root:Aa123456!@#@tcp(127.0.0.1:3306)/ipcc?charset=utf8&loc=Local
2022/12/04 11:57:53.490  [W] [admin.go:91]  now we don't start tasks here, if you use task module, please invoke task.StartTask, or task will not be executed
2022/12/04 11:57:53.491  [I] [admin.go:100]  Admin server Running on :8089
2022/12/04 11:57:53.491  [I] [parser.go:85]  /Users/Peter/work/code/src/votesystem/controllers no changed
2022/12/04 11:57:53.491  [I] [server.go:241]  http server Running on http://:8080
2022/12/04 11:57:53.491  [I] [server.go:241]  http server Running on http://:8089
2022/12/04 11:57:59.965  [D] [models.go:44]  root:Aa123456!@#@tcp(127.0.0.1:3306)/ipcc?charset=utf8&loc=Local
2022/12/04 11:58:00.030  [W] [admin.go:91]  now we don't start tasks here, if you use task module, please invoke task.StartTask, or task will not be executed
2022/12/04 11:58:00.030  [I] [admin.go:100]  Admin server Running on :8089
2022/12/04 11:58:00.030  [I] [parser.go:85]  /Users/Peter/work/code/src/votesystem/controllers no changed
2022/12/04 11:58:00.031  [I] [server.go:241]  http server Running on http://:8080
2022/12/04 11:58:00.031  [I] [server.go:241]  http server Running on http://:8089
2022/12/04 11:58:03.749  [C] [config.go:190]  the request url is  /v1/electioncampaign/1/condidate/1/votes/
2022/12/04 11:58:03.749  [C] [config.go:191]  Handler crashed with error wrong object type `[]*models.VoteT` for rows scan, need *votesystem/models.VoteT
2022/12/04 11:58:03.749  [C] [config.go:197]  /usr/local/Cellar/go@1.18/1.18.7/libexec/src/runtime/panic.go:838
2022/12/04 11:58:03.749  [C] [config.go:197]  /Users/Peter/work/code/pkg/mod/github.com/beego/beego/v2@v2.0.1/client/orm/db.go:975
2022/12/04 11:58:03.749  [C] [config.go:197]  /Users/Peter/work/code/pkg/mod/github.com/beego/beego/v2@v2.0.1/client/orm/orm_queryset.go:244
2022/12/04 11:58:03.749  [C] [config.go:197]  /Users/Peter/work/code/src/votesystem/models/votes.go:101
2022/12/04 11:58:03.749  [C] [config.go:197]  /Users/Peter/work/code/src/votesystem/controllers/candidate.go:70
2022/12/04 11:58:03.749  [C] [config.go:197]  /usr/local/Cellar/go@1.18/1.18.7/libexec/src/reflect/value.go:556
2022/12/04 11:58:03.751  [C] [config.go:197]  /usr/local/Cellar/go@1.18/1.18.7/libexec/src/reflect/value.go:339
2022/12/04 11:58:03.751  [C] [config.go:197]  /Users/Peter/work/code/pkg/mod/github.com/beego/beego/v2@v2.0.1/server/web/router.go:883
2022/12/04 11:58:03.751  [C] [config.go:197]  /Users/Peter/work/code/pkg/mod/github.com/beego/beego/v2@v2.0.1/server/web/filter.go:81
2022/12/04 11:58:03.752  [C] [config.go:197]  /Users/Peter/work/code/pkg/mod/github.com/beego/beego/v2@v2.0.1/server/web/router.go:664
2022/12/04 11:58:03.752  [C] [config.go:197]  /usr/local/Cellar/go@1.18/1.18.7/libexec/src/net/http/server.go:2916
2022/12/04 11:58:03.752  [C] [config.go:197]  /usr/local/Cellar/go@1.18/1.18.7/libexec/src/net/http/server.go:1966
2022/12/04 11:58:03.752  [C] [config.go:197]  /usr/local/Cellar/go@1.18/1.18.7/libexec/src/runtime/asm_amd64.s:1571
