0001/01/01 00:00:00.000  [M] [log.go:205]  [HTTP] http: superfluous response.WriteHeader call from github.com/beego/beego/v2/server/web/context.(*Response).WriteHeader (context.go:230)
2022/12/04 10:53:08.337  [D] [models.go:44]  root:Aa123456!@#@tcp(127.0.0.1:3306)/ipcc?charset=utf8&loc=Local
2022/12/04 10:53:08.400  [W] [admin.go:91]  now we don't start tasks here, if you use task module, please invoke task.StartTask, or task will not be executed
2022/12/04 10:53:08.400  [I] [admin.go:100]  Admin server Running on :8089
2022/12/04 10:53:08.400  [I] [parser.go:85]  /Users/Peter/work/code/src/votesystem/controllers no changed
2022/12/04 10:53:08.400  [I] [server.go:241]  http server Running on http://:8080
2022/12/04 10:53:08.400  [I] [server.go:241]  http server Running on http://:8089
2022/12/04 10:54:31.497  [D] [models.go:44]  root:Aa123456!@#@tcp(127.0.0.1:3306)/ipcc?charset=utf8&loc=Local
2022/12/04 10:54:31.557  [W] [admin.go:91]  now we don't start tasks here, if you use task module, please invoke task.StartTask, or task will not be executed
2022/12/04 10:54:31.557  [I] [admin.go:100]  Admin server Running on :8089
2022/12/04 10:54:31.557  [I] [parser.go:85]  /Users/Peter/work/code/src/votesystem/controllers no changed
2022/12/04 10:54:31.557  [I] [server.go:241]  http server Running on http://:8080
2022/12/04 10:54:31.557  [I] [server.go:241]  http server Running on http://:8089
2022/12/04 10:54:36.556  [D] [vote.go:278]  new vote:{
    "username": "BeJson",
    "email": "test@qq.com",
    "IdentityNo": "A123456(7)",
    "CandidateId": 1
}
2022/12/04 10:54:36.660  [C] [config.go:190]  the request url is  /v1/electioncampaign/1/vote
2022/12/04 10:54:36.660  [C] [config.go:191]  Handler crashed with error runtime error: index out of range [0] with length 0
2022/12/04 10:54:36.660  [C] [config.go:197]  /usr/local/Cellar/go@1.18/1.18.7/libexec/src/runtime/panic.go:838
2022/12/04 10:54:36.660  [C] [config.go:197]  /usr/local/Cellar/go@1.18/1.18.7/libexec/src/runtime/panic.go:89
2022/12/04 10:54:36.660  [C] [config.go:197]  /Users/Peter/work/code/src/votesystem/controllers/vote.go:385
2022/12/04 10:54:36.660  [C] [config.go:197]  /usr/local/Cellar/go@1.18/1.18.7/libexec/src/reflect/value.go:556
2022/12/04 10:54:36.660  [C] [config.go:197]  /usr/local/Cellar/go@1.18/1.18.7/libexec/src/reflect/value.go:339
2022/12/04 10:54:36.660  [C] [config.go:197]  /Users/Peter/work/code/pkg/mod/github.com/beego/beego/v2@v2.0.1/server/web/router.go:883
2022/12/04 10:54:36.660  [C] [config.go:197]  /Users/Peter/work/code/pkg/mod/github.com/beego/beego/v2@v2.0.1/server/web/filter.go:81
2022/12/04 10:54:36.660  [C] [config.go:197]  /Users/Peter/work/code/pkg/mod/github.com/beego/beego/v2@v2.0.1/server/web/router.go:664
2022/12/04 10:54:36.660  [C] [config.go:197]  /usr/local/Cellar/go@1.18/1.18.7/libexec/src/net/http/server.go:2916
2022/12/04 10:54:36.661  [C] [config.go:197]  /usr/local/Cellar/go@1.18/1.18.7/libexec/src/net/http/server.go:1966
2022/12/04 10:54:36.661  [C] [config.go:197]  /usr/local/Cellar/go@1.18/1.18.7/libexec/src/runtime/asm_amd64.s:1571
