0001/01/01 00:00:00.000  [M] [log.go:205]  [HTTP] http: superfluous response.WriteHeader call from github.com/beego/beego/v2/server/web/context.(*Response).WriteHeader (context.go:230)
2022/12/03 14:18:33.837  [D] [vote.go:121]  create an election candidate:/v1/electioncampaign?description=test&expire=202212042108
2022/12/03 14:18:33.837  [E] [vote.go:130]  time format not match:parsing time "202212042108" as "20060102150405": cannot parse "" as "05"
2022/12/03 14:18:33.837  [D] [router.go:955]  |      127.0.0.1|[97;42m 200 [0m|    613.082µs|   match|[97;46m POST    [0m /v1/electioncampaign   r:/v1/electioncampaign/
2022/12/03 14:18:51.506  [D] [vote.go:121]  create an election candidate:/v1/electioncampaign?description=test&expire=20221204210811
2022/12/03 14:18:51.519  [D] [router.go:955]  |      127.0.0.1|[97;42m 200 [0m|  13.142309ms|   match|[97;46m POST    [0m /v1/electioncampaign   r:/v1/electioncampaign/
2022/12/03 14:18:58.074  [D] [vote.go:38]  get all election campaign:/v1/electioncampaign
2022/12/03 14:18:58.077  [D] [vote.go:69]  get ecs number:2
2022/12/03 14:18:58.077  [C] [config.go:190]  the request url is  /v1/electioncampaign
2022/12/03 14:18:58.077  [C] [config.go:191]  Handler crashed with error wrong object type `[]*models.CandidateT` for rows scan, need *votesystem/models.CandidateT
2022/12/03 14:18:58.077  [C] [config.go:197]  /usr/local/Cellar/go@1.18/1.18.7/libexec/src/runtime/panic.go:838
2022/12/03 14:18:58.077  [C] [config.go:197]  /Users/Peter/work/code/pkg/mod/github.com/beego/beego/v2@v2.0.1/client/orm/db.go:975
2022/12/03 14:18:58.077  [C] [config.go:197]  /Users/Peter/work/code/pkg/mod/github.com/beego/beego/v2@v2.0.1/client/orm/orm_queryset.go:244
2022/12/03 14:18:58.077  [C] [config.go:197]  /Users/Peter/work/code/src/votesystem/models/candidate.go:67
2022/12/03 14:18:58.077  [C] [config.go:197]  /Users/Peter/work/code/src/votesystem/controllers/vote.go:82
2022/12/03 14:18:58.077  [C] [config.go:197]  /usr/local/Cellar/go@1.18/1.18.7/libexec/src/reflect/value.go:556
2022/12/03 14:18:58.077  [C] [config.go:197]  /usr/local/Cellar/go@1.18/1.18.7/libexec/src/reflect/value.go:339
2022/12/03 14:18:58.077  [C] [config.go:197]  /Users/Peter/work/code/pkg/mod/github.com/beego/beego/v2@v2.0.1/server/web/router.go:883
2022/12/03 14:18:58.077  [C] [config.go:197]  /Users/Peter/work/code/pkg/mod/github.com/beego/beego/v2@v2.0.1/server/web/filter.go:81
2022/12/03 14:18:58.077  [C] [config.go:197]  /Users/Peter/work/code/pkg/mod/github.com/beego/beego/v2@v2.0.1/server/web/router.go:664
2022/12/03 14:18:58.077  [C] [config.go:197]  /usr/local/Cellar/go@1.18/1.18.7/libexec/src/net/http/server.go:2916
2022/12/03 14:18:58.077  [C] [config.go:197]  /usr/local/Cellar/go@1.18/1.18.7/libexec/src/net/http/server.go:1966
2022/12/03 14:18:58.077  [C] [config.go:197]  /usr/local/Cellar/go@1.18/1.18.7/libexec/src/runtime/asm_amd64.s:1571
